Determining if the pthread_create exist failed with the following output:
Change Dir: /home/pi/smart_car2/build/CMakeFiles/CMakeTmp

Run Build Command:"/usr/bin/make" "cmTC_fc9fe/fast"
/usr/bin/make -f CMakeFiles/cmTC_fc9fe.dir/build.make CMakeFiles/cmTC_fc9fe.dir/build
make[1]: Entering directory '/home/pi/smart_car2/build/CMakeFiles/CMakeTmp'
Building C object CMakeFiles/cmTC_fc9fe.dir/CheckSymbolExists.c.o
/usr/bin/cc     -o CMakeFiles/cmTC_fc9fe.dir/CheckSymbolExists.c.o   -c /home/pi/smart_car2/build/CMakeFiles/CMakeTmp/CheckSymbolExists.c
Linking C executable cmTC_fc9fe
/usr/bin/cmake -E cmake_link_script CMakeFiles/cmTC_fc9fe.dir/link.txt --verbose=1
/usr/bin/cc       CMakeFiles/cmTC_fc9fe.dir/CheckSymbolExists.c.o  -o cmTC_fc9fe -rdynamic 
CMakeFiles/cmTC_fc9fe.dir/CheckSymbolExists.c.o: In function `main':
CheckSymbolExists.c:(.text+0x38): undefined reference to `pthread_create'
collect2: error: ld returned 1 exit status
CMakeFiles/cmTC_fc9fe.dir/build.make:97: recipe for target 'cmTC_fc9fe' failed
make[1]: *** [cmTC_fc9fe] Error 1
make[1]: Leaving directory '/home/pi/smart_car2/build/CMakeFiles/CMakeTmp'
Makefile:126: recipe for target 'cmTC_fc9fe/fast' failed
make: *** [cmTC_fc9fe/fast] Error 2

File /home/pi/smart_car2/build/CMakeFiles/CMakeTmp/CheckSymbolExists.c:
/* */
#include <pthread.h>

int main(int argc, char** argv)
{
  (void)argv;
#ifndef pthread_create
  return ((int*)(&pthread_create))[argc];
#else
  (void)argc;
  return 0;
#endif
}

Determining if the function pthread_create exists in the pthreads failed with the following output:
Change Dir: /home/pi/smart_car2/build/CMakeFiles/CMakeTmp

Run Build Command:"/usr/bin/make" "cmTC_92de6/fast"
/usr/bin/make -f CMakeFiles/cmTC_92de6.dir/build.make CMakeFiles/cmTC_92de6.dir/build
make[1]: Entering directory '/home/pi/smart_car2/build/CMakeFiles/CMakeTmp'
Building C object CMakeFiles/cmTC_92de6.dir/CheckFunctionExists.c.o
/usr/bin/cc    -DCHECK_FUNCTION_EXISTS=pthread_create   -o CMakeFiles/cmTC_92de6.dir/CheckFunctionExists.c.o   -c /usr/share/cmake-3.7/Modules/CheckFunctionExists.c
Linking C executable cmTC_92de6
/usr/bin/cmake -E cmake_link_script CMakeFiles/cmTC_92de6.dir/link.txt --verbose=1
/usr/bin/cc   -DCHECK_FUNCTION_EXISTS=pthread_create    CMakeFiles/cmTC_92de6.dir/CheckFunctionExists.c.o  -o cmTC_92de6 -rdynamic -lpthreads 
/usr/bin/ld: cannot find -lpthreads
collect2: error: ld returned 1 exit status
CMakeFiles/cmTC_92de6.dir/build.make:97: recipe for target 'cmTC_92de6' failed
make[1]: *** [cmTC_92de6] Error 1
make[1]: Leaving directory '/home/pi/smart_car2/build/CMakeFiles/CMakeTmp'
Makefile:126: recipe for target 'cmTC_92de6/fast' failed
make: *** [cmTC_92de6/fast] Error 2


